<?xml version="1.0" encoding="UTF-8"?>
<testng-results ignored="0" total="1" passed="1" failed="0" skipped="0">
  <reporter-output>
  </reporter-output>
  <suite started-at="2023-07-08T19:47:53 IST" name="Default suite" finished-at="2023-07-08T19:47:56 IST" duration-ms="2992">
    <groups>
    </groups>
    <test started-at="2023-07-08T19:47:53 IST" name="Default test" finished-at="2023-07-08T19:47:56 IST" duration-ms="2992">
      <class name="Test_login.VerifyLoginTest">
        <test-method is-config="true" signature="BM()[pri:0, instance:Test_login.VerifyLoginTest@26e356f0]" started-at="2023-07-08T19:47:53 IST" name="BM" finished-at="2023-07-08T19:47:56 IST" duration-ms="2388" status="PASS">
          <reporter-output>
          </reporter-output>
        </test-method> <!-- BM -->
        <test-method signature="TC_001()[pri:0, instance:Test_login.VerifyLoginTest@26e356f0]" started-at="2023-07-08T19:47:56 IST" name="TC_001" finished-at="2023-07-08T19:47:56 IST" duration-ms="501" status="PASS">
          <reporter-output>
          </reporter-output>
        </test-method> <!-- TC_001 -->
        <test-method is-config="true" signature="teardown()[pri:0, instance:Test_login.VerifyLoginTest@26e356f0]" started-at="2023-07-08T19:47:56 IST" name="teardown" finished-at="2023-07-08T19:47:56 IST" duration-ms="70" status="PASS">
          <reporter-output>
          </reporter-output>
        </test-method> <!-- teardown -->
      </class> <!-- Test_login.VerifyLoginTest -->
    </test> <!-- Default test -->
  </suite> <!-- Default suite -->
</testng-results>
